# JRE version: Java(TM) SE Runtime Environment (8.0_92-b14) (build 1.8.0_92-b14)
# Java VM: Java HotSpot(TM) 64-Bit Server VM (25.92-b14 mixed mode bsd-amd64 compressed oops)
Heap:
 PSYoungGen      total 335360K, used 229690K [0x000000076ab00000, 0x000000078b600000, 0x00000007c0000000)
  eden space 325632K, 68% used [0x000000076ab00000,0x00000007784d2770,0x000000077e900000)
  from space 9728K, 68% used [0x000000077e900000,0x000000077ef7c0a0,0x000000077f280000)
  to   space 9216K, 0% used [0x000000078ad00000,0x000000078ad00000,0x000000078b600000)
 ParOldGen       total 73216K, used 14812K [0x00000006c0000000, 0x00000006c4780000, 0x000000076ab00000)
  object space 73216K, 20% used [0x00000006c0000000,0x00000006c0e770b0,0x00000006c4780000)
 Metaspace       used 34627K, capacity 35070K, committed 35200K, reserved 1079296K
  class space    used 4840K, capacity 4953K, committed 4992K, reserved 1048576K
GC Heap History (10 events):
Event: 13.611 GC heap before
{Heap before GC invocations=10 (full 1):
 PSYoungGen      total 137216K, used 133017K [0x000000076ab00000, 0x0000000773b80000, 0x00000007c0000000)
  eden space 128512K, 99% used [0x000000076ab00000,0x0000000772767548,0x0000000772880000)
  from space 8704K, 64% used [0x0000000773180000,0x00000007736ff010,0x0000000773a00000)
  to   space 9216K, 0% used [0x0000000772880000,0x0000000772880000,0x0000000773180000)
 ParOldGen       total 73216K, used 11170K [0x00000006c0000000, 0x00000006c4780000, 0x000000076ab00000)
  object space 73216K, 15% used [0x00000006c0000000,0x00000006c0ae8a00,0x00000006c4780000)
 Metaspace       used 29025K, capacity 29306K, committed 29440K, reserved 1075200K
  class space    used 3969K, capacity 4051K, committed 4096K, reserved 1048576K
Event: 13.614 GC heap after
Heap after GC invocations=10 (full 1):
 PSYoungGen      total 137728K, used 2384K [0x000000076ab00000, 0x0000000778600000, 0x00000007c0000000)
  eden space 128512K, 0% used [0x000000076ab00000,0x000000076ab00000,0x0000000772880000)
  from space 9216K, 25% used [0x0000000772880000,0x0000000772ad42c0,0x0000000773180000)
  to   space 9728K, 0% used [0x0000000777c80000,0x0000000777c80000,0x0000000778600000)
 ParOldGen       total 73216K, used 14804K [0x00000006c0000000, 0x00000006c4780000, 0x000000076ab00000)
  object space 73216K, 20% used [0x00000006c0000000,0x00000006c0e750b0,0x00000006c4780000)
 Metaspace       used 29025K, capacity 29306K, committed 29440K, reserved 1075200K
  class space    used 3969K, capacity 4051K, committed 4096K, reserved 1048576K
}
Event: 13.639 GC heap before
{Heap before GC invocations=11 (full 1):
 PSYoungGen      total 137728K, used 130706K [0x000000076ab00000, 0x0000000778600000, 0x00000007c0000000)
  eden space 128512K, 99% used [0x000000076ab00000,0x0000000772850770,0x0000000772880000)
  from space 9216K, 25% used [0x0000000772880000,0x0000000772ad42c0,0x0000000773180000)
  to   space 9728K, 0% used [0x0000000777c80000,0x0000000777c80000,0x0000000778600000)
 ParOldGen       total 73216K, used 14804K [0x00000006c0000000, 0x00000006c4780000, 0x000000076ab00000)
  object space 73216K, 20% used [0x00000006c0000000,0x00000006c0e750b0,0x00000006c4780000)
 Metaspace       used 29025K, capacity 29306K, committed 29440K, reserved 1075200K
  class space    used 3969K, capacity 4051K, committed 4096K, reserved 1048576K
Event: 13.642 GC heap after
Heap after GC invocations=11 (full 1):
 PSYoungGen      total 214528K, used 4178K [0x000000076ab00000, 0x0000000778600000, 0x00000007c0000000)
  eden space 204800K, 0% used [0x000000076ab00000,0x000000076ab00000,0x0000000777300000)
  from space 9728K, 42% used [0x0000000777c80000,0x0000000778094920,0x0000000778600000)
  to   space 9728K, 0% used [0x0000000777300000,0x0000000777300000,0x0000000777c80000)
 ParOldGen       total 73216K, used 14804K [0x00000006c0000000, 0x00000006c4780000, 0x000000076ab00000)
  object space 73216K, 20% used [0x00000006c0000000,0x00000006c0e750b0,0x00000006c4780000)
 Metaspace       used 29025K, capacity 29306K, committed 29440K, reserved 1075200K
  class space    used 3969K, capacity 4051K, committed 4096K, reserved 1048576K
}
Event: 13.714 GC heap before
{Heap before GC invocations=12 (full 1):
 PSYoungGen      total 214528K, used 207877K [0x000000076ab00000, 0x0000000778600000, 0x00000007c0000000)
  eden space 204800K, 99% used [0x000000076ab00000,0x00000007771ecdd0,0x0000000777300000)
  from space 9728K, 42% used [0x0000000777c80000,0x0000000778094920,0x0000000778600000)
  to   space 9728K, 0% used [0x0000000777300000,0x0000000777300000,0x0000000777c80000)
 ParOldGen       total 73216K, used 14804K [0x00000006c0000000, 0x00000006c4780000, 0x000000076ab00000)
  object space 73216K, 20% used [0x00000006c0000000,0x00000006c0e750b0,0x00000006c4780000)
 Metaspace       used 29025K, capacity 29306K, committed 29440K, reserved 1075200K
  class space    used 3969K, capacity 4051K, committed 4096K, reserved 1048576K
Event: 13.717 GC heap after
Heap after GC invocations=12 (full 1):
 PSYoungGen      total 214528K, used 5014K [0x000000076ab00000, 0x000000077fc00000, 0x00000007c0000000)
  eden space 204800K, 0% used [0x000000076ab00000,0x000000076ab00000,0x0000000777300000)
  from space 9728K, 51% used [0x0000000777300000,0x00000007777e5aa0,0x0000000777c80000)
  to   space 9728K, 0% used [0x000000077f280000,0x000000077f280000,0x000000077fc00000)
 ParOldGen       total 73216K, used 14804K [0x00000006c0000000, 0x00000006c4780000, 0x000000076ab00000)
  object space 73216K, 20% used [0x00000006c0000000,0x00000006c0e750b0,0x00000006c4780000)
 Metaspace       used 29025K, capacity 29306K, committed 29440K, reserved 1075200K
  class space    used 3969K, capacity 4051K, committed 4096K, reserved 1048576K
}
Event: 13.760 GC heap before
{Heap before GC invocations=13 (full 1):
 PSYoungGen      total 214528K, used 208570K [0x000000076ab00000, 0x000000077fc00000, 0x00000007c0000000)
  eden space 204800K, 99% used [0x000000076ab00000,0x00000007771c9018,0x0000000777300000)
  from space 9728K, 51% used [0x0000000777300000,0x00000007777e5aa0,0x0000000777c80000)
  to   space 9728K, 0% used [0x000000077f280000,0x000000077f280000,0x000000077fc00000)
 ParOldGen       total 73216K, used 14804K [0x00000006c0000000, 0x00000006c4780000, 0x000000076ab00000)
  object space 73216K, 20% used [0x00000006c0000000,0x00000006c0e750b0,0x00000006c4780000)
 Metaspace       used 29025K, capacity 29306K, committed 29440K, reserved 1075200K
  class space    used 3969K, capacity 4051K, committed 4096K, reserved 1048576K
Event: 13.763 GC heap after
Heap after GC invocations=13 (full 1):
 PSYoungGen      total 335360K, used 5677K [0x000000076ab00000, 0x000000077fc00000, 0x00000007c0000000)
  eden space 325632K, 0% used [0x000000076ab00000,0x000000076ab00000,0x000000077e900000)
  from space 9728K, 58% used [0x000000077f280000,0x000000077f80b560,0x000000077fc00000)
  to   space 9728K, 0% used [0x000000077e900000,0x000000077e900000,0x000000077f280000)
 ParOldGen       total 73216K, used 14812K [0x00000006c0000000, 0x00000006c4780000, 0x000000076ab00000)
  object space 73216K, 20% used [0x00000006c0000000,0x00000006c0e770b0,0x00000006c4780000)
 Metaspace       used 29025K, capacity 29306K, committed 29440K, reserved 1075200K
  class space    used 3969K, capacity 4051K, committed 4096K, reserved 1048576K
}
Event: 13.891 GC heap before
{Heap before GC invocations=14 (full 1):
 PSYoungGen      total 335360K, used 331207K [0x000000076ab00000, 0x000000077fc00000, 0x00000007c0000000)
  eden space 325632K, 99% used [0x000000076ab00000,0x000000077e8e6a30,0x000000077e900000)
  from space 9728K, 58% used [0x000000077f280000,0x000000077f80b560,0x000000077fc00000)
  to   space 9728K, 0% used [0x000000077e900000,0x000000077e900000,0x000000077f280000)
 ParOldGen       total 73216K, used 14812K [0x00000006c0000000, 0x00000006c4780000, 0x000000076ab00000)
  object space 73216K, 20% used [0x00000006c0000000,0x00000006c0e770b0,0x00000006c4780000)
 Metaspace       used 29025K, capacity 29306K, committed 29440K, reserved 1075200K
  class space    used 3969K, capacity 4051K, committed 4096K, reserved 1048576K
Event: 13.897 GC heap after
Heap after GC invocations=14 (full 1):
 PSYoungGen      total 335360K, used 6640K [0x000000076ab00000, 0x000000078b600000, 0x00000007c0000000)
  eden space 325632K, 0% used [0x000000076ab00000,0x000000076ab00000,0x000000077e900000)
  from space 9728K, 68% used [0x000000077e900000,0x000000077ef7c0a0,0x000000077f280000)
  to   space 9216K, 0% used [0x000000078ad00000,0x000000078ad00000,0x000000078b600000)
 ParOldGen       total 73216K, used 14812K [0x00000006c0000000, 0x00000006c4780000, 0x000000076ab00000)
  object space 73216K, 20% used [0x00000006c0000000,0x00000006c0e770b0,0x00000006c4780000)
 Metaspace       used 29025K, capacity 29306K, committed 29440K, reserved 1075200K
  class space    used 3969K, capacity 4051K, committed 4096K, reserved 1048576K
}

